-- The C compiler identification is GNU 9.4.0
-- The CXX compiler identification is GNU 9.4.0
-- Check for working C compiler: /usr/bin/cc
-- Check for working C compiler: /usr/bin/cc -- works
-- Detecting C compiler ABI info
-- Detecting C compiler ABI info - done
-- Detecting C compile features
-- Detecting C compile features - done
-- Check for working CXX compiler: /usr/bin/c++
-- Check for working CXX compiler: /usr/bin/c++ -- works
-- Detecting CXX compiler ABI info
-- Detecting CXX compiler ABI info - done
-- Detecting CXX compile features
-- Detecting CXX compile features - done
-- Found ament_cmake: 0.9.9 (/opt/ros/foxy/share/ament_cmake/cmake)
-- Found PythonInterp: /usr/bin/python3 (found suitable version "3.8.10", minimum required is "3") 
-- Using PYTHON_EXECUTABLE: /usr/bin/python3
-- Override CMake install command with custom implementation using symlinks instead of copying resources
-- Found rclcpp: 2.4.1 (/opt/ros/foxy/share/rclcpp/cmake)
-- Using all available rosidl_typesupport_c: rosidl_typesupport_fastrtps_c;rosidl_typesupport_introspection_c
-- Found rosidl_adapter: 1.2.1 (/opt/ros/foxy/share/rosidl_adapter/cmake)
-- Found OpenSSL: /usr/lib/aarch64-linux-gnu/libcrypto.so (found version "1.1.1f")  
-- Found FastRTPS: /opt/ros/foxy/include  
-- Using all available rosidl_typesupport_cpp: rosidl_typesupport_fastrtps_cpp;rosidl_typesupport_introspection_cpp
-- Found rmw_implementation_cmake: 1.0.3 (/opt/ros/foxy/share/rmw_implementation_cmake/cmake)
-- Using RMW implementation 'rmw_fastrtps_cpp' as default
-- Looking for pthread.h
-- Looking for pthread.h - found
-- Performing Test CMAKE_HAVE_LIBC_PTHREAD
-- Performing Test CMAKE_HAVE_LIBC_PTHREAD - Failed
-- Looking for pthread_create in pthreads
-- Looking for pthread_create in pthreads - not found
-- Looking for pthread_create in pthread
-- Looking for pthread_create in pthread - found
-- Found Threads: TRUE  
-- Found ackermann_msgs: 2.0.2 (/opt/ros/foxy/share/ackermann_msgs/cmake)
-- Found sensor_msgs: 2.0.5 (/opt/ros/foxy/share/sensor_msgs/cmake)
-- Found nav_msgs: 2.0.5 (/opt/ros/foxy/share/nav_msgs/cmake)
-- Found nav2_msgs: 0.4.7 (/opt/ros/foxy/share/nav2_msgs/cmake)
-- Found tf2_ros: 0.13.13 (/opt/ros/foxy/share/tf2_ros/cmake)
-- Found slam_toolbox: 2.4.1 (/opt/ros/foxy/share/slam_toolbox/cmake)
-- Found eigen3_cmake_module: 0.1.1 (/opt/ros/foxy/share/eigen3_cmake_module/cmake)
-- Found Eigen3: TRUE (found version "3.4.90") 
-- Setting OGRE_DIR to: '/opt/ros/foxy/share/rviz_ogre_vendor/cmake/../../../opt/rviz_ogre_vendor/lib/OGRE/cmake'
-- Found OGRE
--   static     : OFF
--   components : HLMS;MeshLodGenerator;Overlay;Paging;Property;RTShaderSystem;Terrain;Volume
--   plugins    : Plugin_BSPSceneManager;Plugin_OctreeSceneManager;Plugin_PCZSceneManager;Plugin_ParticleFX;RenderSystem_GL;RenderSystem_GL3Plus;Codec_STBI
--   media      : /opt/ros/foxy/opt/rviz_ogre_vendor/share/OGRE/Media
-- OGRE_LIBRARIES: OgreHLMS;OgreMeshLodGenerator;OgreOverlay;OgrePaging;OgreProperty;OgreRTShaderSystem;OgreTerrain;OgreVolume;OgreMain
-- OGRE_LIBRARY_DIRS: /opt/ros/foxy/opt/rviz_ogre_vendor/lib
-- OGRE_PLUGINS: Plugin_BSPSceneManager;Plugin_OctreeSceneManager;Plugin_PCZSceneManager;Plugin_ParticleFX;RenderSystem_GL;RenderSystem_GL3Plus;Codec_STBI
-- OGRE_PLUGIN_DIR: /opt/ros/foxy/opt/rviz_ogre_vendor/lib/OGRE
-- rviz_ogre_vendor::OgreOverlay for IMPORTED_LOCATION_RELEASE: /opt/ros/foxy/opt/rviz_ogre_vendor/lib/libOgreOverlay.so
-- rviz_ogre_vendor::OgreOverlay for IMPORTED_LOCATION_DEBUG: /opt/ros/foxy/opt/rviz_ogre_vendor/lib/libOgreOverlay.so
-- rviz_ogre_vendor::OgreMain for IMPORTED_LOCATION_RELEASE: /opt/ros/foxy/opt/rviz_ogre_vendor/lib/libOgreMain.so
-- rviz_ogre_vendor::OgreMain for IMPORTED_LOCATION_DEBUG: /opt/ros/foxy/opt/rviz_ogre_vendor/lib/libOgreMain.so
-- Could not find freeimage library
-- Found ZLIB: /usr/lib/aarch64-linux-gnu/libz.so (found version "1.2.11") 
-- Found OpenGL: /usr/lib/aarch64-linux-gnu/libOpenGL.so   
-- Found X11: /usr/include   
-- Looking for XOpenDisplay in /usr/lib/aarch64-linux-gnu/libX11.so;/usr/lib/aarch64-linux-gnu/libXext.so
-- Looking for XOpenDisplay in /usr/lib/aarch64-linux-gnu/libX11.so;/usr/lib/aarch64-linux-gnu/libXext.so - found
-- Looking for gethostbyname
-- Looking for gethostbyname - found
-- Looking for connect
-- Looking for connect - found
-- Looking for remove
-- Looking for remove - found
-- Looking for shmat
-- Looking for shmat - found
-- Looking for IceConnectionNumber in ICE
-- Looking for IceConnectionNumber in ICE - found
-- rviz_ogre_vendor::RenderSystem_GL for IMPORTED_LOCATION_RELEASE: _render_system_gl_static_library_abs-NOTFOUND
-- rviz_ogre_vendor::RenderSystem_GL for IMPORTED_LOCATION_DEBUG: _render_system_gl_static_library_abs-NOTFOUND
-- library: /usr/lib/aarch64-linux-gnu/libcurl.so
-- Setting yaml-cpp_DIR to: '/opt/ros/foxy/share/yaml_cpp_vendor/cmake/../../../opt/yaml_cpp_vendor/lib/cmake/yaml-cpp'
-- Found Eigen3: TRUE  
-- Found ament_lint_auto: 0.9.6 (/opt/ros/foxy/share/ament_lint_auto/cmake)
-- Added test 'copyright' to check source files copyright and LICENSE
-- Added test 'cppcheck' to perform static code analysis on C / C++ code
-- Configured cppcheck include dirs: /home/f1tenth3/f1tenth_ws/src/av-stack/include
-- Configured cppcheck exclude dirs and/or files: 
-- Added test 'cpplint' to check C / C++ code against the Google style
-- Configured cpplint exclude dirs and/or files: 
-- Added test 'flake8' to check Python code syntax and style conventions
-- Added test 'lint_cmake' to check CMake code style
-- Added test 'pep257' to check Python code against some of the style conventions in PEP 257
-- Added test 'uncrustify' to check C / C++ code style
-- Configured uncrustify additional arguments: 
-- Added test 'xmllint' to check XML markup files
-- Configuring done
-- Generating done
-- Build files have been written to: /home/f1tenth3/f1tenth_ws/src/av-stack/build/av-stack
[35m[1mScanning dependencies of target laser_code[0m
[35m[1mScanning dependencies of target gpio_read[0m
[35m[1mScanning dependencies of target tf_publish_slam[0m
[35m[1mScanning dependencies of target joy_code[0m
[  7%] [32mBuilding CXX object CMakeFiles/joy_code.dir/src/joystick_teleop_control_test.cpp.o[0m
[ 14%] [32mBuilding CXX object CMakeFiles/tf_publish_slam.dir/src/tf_publisher_mapping.cpp.o[0m
[ 21%] [32mBuilding CXX object CMakeFiles/gpio_read.dir/src/gpio_read.cpp.o[0m
[ 28%] [32mBuilding CXX object CMakeFiles/laser_code.dir/src/laser_icp.cpp.o[0m
In file included from [01m[K/home/f1tenth3/f1tenth_ws/src/av-stack/src/laser_icp.cpp:18[m[K:
[01m[K/home/f1tenth3/f1tenth_ws/src/av-stack/include/knn.h:533:[m[K [01;35m[Kwarning: [m[Kignoring #pragma omp parallel [[01;35m[K-Wunknown-pragmas[m[K]
  533 |             #pragma omp parallel for num_threads(threads_)
      | 
[01m[K/home/f1tenth3/f1tenth_ws/src/av-stack/include/knn.h:1219:[m[K [01;35m[Kwarning: [m[Kignoring #pragma omp parallel [[01;35m[K-Wunknown-pragmas[m[K]
 1219 |             #pragma omp parallel for num_threads(threads_)
      | 
In file included from [01m[K/home/f1tenth3/f1tenth_ws/src/av-stack/src/laser_icp.cpp:18[m[K:
[01m[K/home/f1tenth3/f1tenth_ws/src/av-stack/include/knn.h:1464:[m[K [01;35m[Kwarning: [m[Kignoring #pragma omp parallel [[01;35m[K-Wunknown-pragmas[m[K]
 1464 |             #pragma omp parallel for num_threads(threads_)
      | 
[01m[K/home/f1tenth3/f1tenth_ws/src/av-stack/src/gpio_read.cpp:[m[K In constructor â€˜[01m[KGPIOTest::GPIOTest()[m[Kâ€™:
[01m[K/home/f1tenth3/f1tenth_ws/src/av-stack/src/gpio_read.cpp:37:71:[m[K [01;31m[Kerror: [m[Kâ€˜[01m[Ktimer_callback2[m[Kâ€™ is not a member of â€˜[01m[KGPIOTest[m[Kâ€™
   37 |         timer1_ = this->create_wall_timer(600ms, std::bind(&GPIOTest::[01;31m[Ktimer_callback2[m[K, this));
      |                                                                       [01;31m[K^~~~~~~~~~~~~~~[m[K
[01m[K/home/f1tenth3/f1tenth_ws/src/av-stack/src/laser_icp.cpp:[m[K In function â€˜[01m[KEigen::VectorXf solver(Eigen::MatrixXf, Eigen::MatrixXf)[m[Kâ€™:
[01m[K/home/f1tenth3/f1tenth_ws/src/av-stack/src/laser_icp.cpp:152:9:[m[K [01;35m[Kwarning: [m[Kunused variable â€˜[01m[Kret[m[Kâ€™ [[01;35m[K-Wunused-variable[m[K]
  152 |     int [01;35m[Kret[m[K = lvm.minimize(x);
      |         [01;35m[K^~~[m[K
make[2]: *** [CMakeFiles/gpio_read.dir/build.make:63: CMakeFiles/gpio_read.dir/src/gpio_read.cpp.o] Error 1
make[1]: *** [CMakeFiles/Makefile2:198: CMakeFiles/gpio_read.dir/all] Error 2
make[1]: *** Waiting for unfinished jobs....
[ 35%] [32m[1mLinking CXX executable joy_code[0m
[ 42%] [32m[1mLinking CXX executable tf_publish_slam[0m
[ 42%] Built target joy_code
[ 42%] Built target tf_publish_slam
[ 50%] [32m[1mLinking CXX executable laser_code[0m
[ 50%] Built target laser_code
make: *** [Makefile:141: all] Error 2
